0 info it worked if it ends with ok
1 verbose cli [ 'node', '/usr/local/bin/npm', 'update', '-g', 'ionic' ]
2 info using npm@1.4.28
3 info using node@v0.10.32
4 verbose request where is /ionic
5 verbose request registry https://registry.npmjs.org/
6 verbose request id 870646c3a45717a4
7 verbose url raw /ionic
8 verbose url resolving [ 'https://registry.npmjs.org/', './ionic' ]
9 verbose url resolved https://registry.npmjs.org/ionic
10 verbose request where is https://registry.npmjs.org/ionic
11 info trying registry request attempt 1 at 10:37:05
12 verbose etag "4ZDUTKSYQQYRX14R2EAM2IQQO"
13 http GET https://registry.npmjs.org/ionic
14 http 200 https://registry.npmjs.org/ionic
15 silly registry.get cb [ 200,
15 silly registry.get   { date: 'Wed, 10 Dec 2014 13:37:06 GMT',
15 silly registry.get     server: 'CouchDB/1.5.0 (Erlang OTP/R16B03)',
15 silly registry.get     etag: '"9GDHZYC3D6OEK7D47F6N20W2R"',
15 silly registry.get     'content-type': 'application/json',
15 silly registry.get     'cache-control': 'max-age=60',
15 silly registry.get     'content-length': '152671',
15 silly registry.get     'accept-ranges': 'bytes',
15 silly registry.get     via: '1.1 varnish',
15 silly registry.get     age: '42',
15 silly registry.get     'x-served-by': 'cache-atl6221-ATL',
15 silly registry.get     'x-cache': 'HIT',
15 silly registry.get     'x-cache-hits': '1',
15 silly registry.get     'x-timer': 'S1418218626.115332,VS0,VE1',
15 silly registry.get     vary: 'Accept',
15 silly registry.get     'keep-alive': 'timeout=10, max=50',
15 silly registry.get     connection: 'Keep-Alive' } ]
16 info outdated updating [ [ '/usr/local/lib', 'ionic', '1.2.8', '1.2.9', '1.2.9', 'latest' ] ]
17 verbose install where,what [ '/usr/local/lib', [ 'ionic@1.2.9' ] ]
18 verbose cache add [ 'ionic@1.2.9', null ]
19 verbose cache add name=undefined spec="ionic@1.2.9" args=["ionic@1.2.9",null]
20 verbose parsed url { protocol: null,
20 verbose parsed url   slashes: null,
20 verbose parsed url   auth: null,
20 verbose parsed url   host: null,
20 verbose parsed url   port: null,
20 verbose parsed url   hostname: null,
20 verbose parsed url   hash: null,
20 verbose parsed url   search: null,
20 verbose parsed url   query: null,
20 verbose parsed url   pathname: 'ionic@1.2.9',
20 verbose parsed url   path: 'ionic@1.2.9',
20 verbose parsed url   href: 'ionic@1.2.9' }
21 verbose cache add name="ionic" spec="1.2.9" args=["ionic","1.2.9"]
22 verbose parsed url { protocol: null,
22 verbose parsed url   slashes: null,
22 verbose parsed url   auth: null,
22 verbose parsed url   host: null,
22 verbose parsed url   port: null,
22 verbose parsed url   hostname: null,
22 verbose parsed url   hash: null,
22 verbose parsed url   search: null,
22 verbose parsed url   query: null,
22 verbose parsed url   pathname: '1.2.9',
22 verbose parsed url   path: '1.2.9',
22 verbose parsed url   href: '1.2.9' }
23 verbose addNamed [ 'ionic', '1.2.9' ]
24 verbose addNamed [ '1.2.9', '1.2.9' ]
25 silly lockFile ae123ff8-ionic-1-2-9 ionic@1.2.9
26 verbose lock ionic@1.2.9 /Users/filiperaiz/.npm/ae123ff8-ionic-1-2-9.lock
27 verbose registry.get https://registry.npmjs.org/ionic not expired, no request
28 silly lockFile 5a0eee23--npmjs-org-ionic-ionic-1-2-9-tgz https://registry.npmjs.org/ionic/-/ionic-1.2.9.tgz
29 verbose lock https://registry.npmjs.org/ionic/-/ionic-1.2.9.tgz /Users/filiperaiz/.npm/5a0eee23--npmjs-org-ionic-ionic-1-2-9-tgz.lock
30 verbose addRemoteTarball [ 'https://registry.npmjs.org/ionic/-/ionic-1.2.9.tgz',
30 verbose addRemoteTarball   '4e85225e9fb8bc43ea5c7f01aca893007fb5b90b' ]
31 info retry fetch attempt 1 at 10:37:06
32 verbose fetch to= /var/folders/5t/71_009317h39y82_lwh3lxrc0000gn/T/npm-1362-mCw-h_9M/registry.npmjs.org/ionic/-/ionic-1.2.9.tgz
33 http GET https://registry.npmjs.org/ionic/-/ionic-1.2.9.tgz
34 http 200 https://registry.npmjs.org/ionic/-/ionic-1.2.9.tgz
35 silly lockFile 5a0eee23--npmjs-org-ionic-ionic-1-2-9-tgz https://registry.npmjs.org/ionic/-/ionic-1.2.9.tgz
36 silly lockFile 5a0eee23--npmjs-org-ionic-ionic-1-2-9-tgz https://registry.npmjs.org/ionic/-/ionic-1.2.9.tgz
37 silly lockFile ae123ff8-ionic-1-2-9 ionic@1.2.9
38 silly lockFile ae123ff8-ionic-1-2-9 ionic@1.2.9
39 error Error: EACCES, mkdir '/Users/filiperaiz/.npm/ionic/1.2.9'
39 error  { [Error: EACCES, mkdir '/Users/filiperaiz/.npm/ionic/1.2.9']
39 error   errno: 3,
39 error   code: 'EACCES',
39 error   path: '/Users/filiperaiz/.npm/ionic/1.2.9' }
40 error Please try running this command again as root/Administrator.
41 error System Darwin 14.0.0
42 error command "node" "/usr/local/bin/npm" "update" "-g" "ionic"
43 error cwd /Users/filiperaiz/Documents/Ionic Projects/Captei
44 error node -v v0.10.32
45 error npm -v 1.4.28
46 error path /Users/filiperaiz/.npm/ionic/1.2.9
47 error code EACCES
48 error errno 3
49 error stack Error: EACCES, mkdir '/Users/filiperaiz/.npm/ionic/1.2.9'
50 verbose exit [ 3, true ]
